GowinSynthesis start
Running parser ...
Analyzing Verilog file 'D:\Project\fpga\gw-fpga\GW_FPGA\uart_pms9310\src\baud_gen.v'
Analyzing Verilog file 'D:\Project\fpga\gw-fpga\GW_FPGA\uart_pms9310\src\fifo.v'
Analyzing Verilog file 'D:\Project\fpga\gw-fpga\GW_FPGA\uart_pms9310\src\fifo_top.v'
Analyzing Verilog file 'D:\Project\fpga\gw-fpga\GW_FPGA\uart_pms9310\src\top.v'
Undeclared symbol 'rd_en', assumed default net type 'wire'("D:\Project\fpga\gw-fpga\GW_FPGA\uart_pms9310\src\top.v":36)
Analyzing Verilog file 'D:\Project\fpga\gw-fpga\GW_FPGA\uart_pms9310\src\uart_rx.v'
Analyzing Verilog file 'D:\Project\fpga\gw-fpga\GW_FPGA\uart_pms9310\src\uart_tx.v'
Compiling module 'top'("D:\Project\fpga\gw-fpga\GW_FPGA\uart_pms9310\src\top.v":1)
Compiling module 'baud_gen'("D:\Project\fpga\gw-fpga\GW_FPGA\uart_pms9310\src\baud_gen.v":1)
Compiling module 'uart_tx'("D:\Project\fpga\gw-fpga\GW_FPGA\uart_pms9310\src\uart_tx.v":1)
Compiling module 'fifo_top'("D:\Project\fpga\gw-fpga\GW_FPGA\uart_pms9310\src\fifo_top.v":1)
Compiling module 'uart_rx'("D:\Project\fpga\gw-fpga\GW_FPGA\uart_pms9310\src\uart_rx.v":1)
Compiling module 'fifo'("D:\Project\fpga\gw-fpga\GW_FPGA\uart_pms9310\src\fifo.v":1)
Extracting RAM for identifier 'mem'("D:\Project\fpga\gw-fpga\GW_FPGA\uart_pms9310\src\fifo.v":16)
NOTE  (EX0101) : Current top module is "top"
[5%] Running netlist conversion ...
Running device independent optimization ...
[10%] Optimizing Phase 0 completed
[15%] Optimizing Phase 1 completed
[25%] Optimizing Phase 2 completed
Running inference ...
[30%] Inferring Phase 0 completed
[40%] Inferring Phase 1 completed
[50%] Inferring Phase 2 completed
[55%] Inferring Phase 3 completed
Running technical mapping ...
[60%] Tech-Mapping Phase 0 completed
[65%] Tech-Mapping Phase 1 completed
[75%] Tech-Mapping Phase 2 completed
[80%] Tech-Mapping Phase 3 completed
[90%] Tech-Mapping Phase 4 completed
[95%] Generate netlist file "D:\Project\fpga\gw-fpga\GW_FPGA\uart_pms9310\impl\gwsynthesis\uart_pms9310.vg" completed
[100%] Generate report file "D:\Project\fpga\gw-fpga\GW_FPGA\uart_pms9310\impl\gwsynthesis\uart_pms9310_syn.rpt.html" completed
GowinSynthesis finish
