GowinSynthesis start
Running parser ...
Analyzing Verilog file 'C:\Project\gowin_fpga\uart\uart_tx_multi_byte\src\baud_gen.v'
Analyzing Verilog file 'C:\Project\gowin_fpga\uart\uart_tx_multi_byte\src\uart_tx.v'
Analyzing Verilog file 'C:\Project\gowin_fpga\uart\uart_tx_multi_byte\src\top.v'
Compiling module 'top'("C:\Project\gowin_fpga\uart\uart_tx_multi_byte\src\top.v":1)
Compiling module 'baud_gen'("C:\Project\gowin_fpga\uart\uart_tx_multi_byte\src\baud_gen.v":1)
Compiling module 'uart_tx'("C:\Project\gowin_fpga\uart\uart_tx_multi_byte\src\uart_tx.v":1)
NOTE  (EX0101) : Current top module is "top"
[5%] Running netlist conversion ...
Running device independent optimization ...
[10%] Optimizing Phase 0 completed
[15%] Optimizing Phase 1 completed
[25%] Optimizing Phase 2 completed
Running inference ...
[30%] Inferring Phase 0 completed
[40%] Inferring Phase 1 completed
[50%] Inferring Phase 2 completed
[55%] Inferring Phase 3 completed
Running technical mapping ...
[60%] Tech-Mapping Phase 0 completed
[65%] Tech-Mapping Phase 1 completed
[75%] Tech-Mapping Phase 2 completed
[80%] Tech-Mapping Phase 3 completed
[90%] Tech-Mapping Phase 4 completed
[95%] Generate netlist file "C:\Project\gowin_fpga\uart\uart_tx_multi_byte\impl\gwsynthesis\uart_tx_multi_byte.vg" completed
[100%] Generate report file "C:\Project\gowin_fpga\uart\uart_tx_multi_byte\impl\gwsynthesis\uart_tx_multi_byte_syn.rpt.html" completed
GowinSynthesis finish
