Reading netlist file: "C:\Project\gowin_fpga\uart\uart_fifo\impl\gwsynthesis\uart_fifo.vg"
Parsing netlist file "C:\Project\gowin_fpga\uart\uart_fifo\impl\gwsynthesis\uart_fifo.vg" completed
Processing netlist completed
Reading constraint file: "C:\Project\gowin_fpga\uart\uart_fifo\src\uart_fifo.cst"
Physical Constraint parsed completed
Running placement......
[10%] Placement Phase 0 completed
[20%] Placement Phase 1 completed
[30%] Placement Phase 2 completed
WARN  (TA1132) :  'sys_clk' was determined to be a clock but was not created.
WARN  (TA1132) :  'tck_pad_i' was determined to be a clock but was not created.
[50%] Placement Phase 3 completed
Running routing......
[60%] Routing Phase 0 completed
[70%] Routing Phase 1 completed
[80%] Routing Phase 2 completed
[90%] Routing Phase 3 completed
Running timing analysis......
[95%] Timing analysis completed
Placement and routing completed
Bitstream generation in progress......
Bitstream generation completed
Running power analysis......
[100%] Power analysis completed
Generate file "C:\Project\gowin_fpga\uart\uart_fifo\impl\pnr\uart_fifo.power.html" completed
Generate file "C:\Project\gowin_fpga\uart\uart_fifo\impl\pnr\uart_fifo.pin.html" completed
Generate file "C:\Project\gowin_fpga\uart\uart_fifo\impl\pnr\uart_fifo.rpt.html" completed
Generate file "C:\Project\gowin_fpga\uart\uart_fifo\impl\pnr\uart_fifo.rpt.txt" completed
Generate file "C:\Project\gowin_fpga\uart\uart_fifo\impl\pnr\uart_fifo.tr.html" completed
Thu Mar 19 11:01:08 2026

