Reading netlist file: "D:\Project\fpga\gw-fpga\GW_FPGA\uart_pms9103_passive_mode\impl\gwsynthesis\uart_pms9103_passive_mode.vg"
Parsing netlist file "D:\Project\fpga\gw-fpga\GW_FPGA\uart_pms9103_passive_mode\impl\gwsynthesis\uart_pms9103_passive_mode.vg" completed
Processing netlist completed
Reading constraint file: "D:\Project\fpga\gw-fpga\GW_FPGA\uart_pms9103_passive_mode\src\uart_pms9103_passive_mode.cst"
Physical Constraint parsed completed
Running placement......
[10%] Placement Phase 0 completed
[20%] Placement Phase 1 completed
[30%] Placement Phase 2 completed
WARN  (TA1132) :  'sys_clk' was determined to be a clock but was not created.
[50%] Placement Phase 3 completed
Running routing......
[60%] Routing Phase 0 completed
[70%] Routing Phase 1 completed
[80%] Routing Phase 2 completed
[90%] Routing Phase 3 completed
Running timing analysis......
[95%] Timing analysis completed
Placement and routing completed
Bitstream generation in progress......
Bitstream generation completed
Running power analysis......
[100%] Power analysis completed
Generate file "D:\Project\fpga\gw-fpga\GW_FPGA\uart_pms9103_passive_mode\impl\pnr\uart_pms9103_passive_mode.power.html" completed
Generate file "D:\Project\fpga\gw-fpga\GW_FPGA\uart_pms9103_passive_mode\impl\pnr\uart_pms9103_passive_mode.pin.html" completed
Generate file "D:\Project\fpga\gw-fpga\GW_FPGA\uart_pms9103_passive_mode\impl\pnr\uart_pms9103_passive_mode.rpt.html" completed
Generate file "D:\Project\fpga\gw-fpga\GW_FPGA\uart_pms9103_passive_mode\impl\pnr\uart_pms9103_passive_mode.rpt.txt" completed
Generate file "D:\Project\fpga\gw-fpga\GW_FPGA\uart_pms9103_passive_mode\impl\pnr\uart_pms9103_passive_mode.tr.html" completed
Sun Mar 22 21:16:09 2026

