Reading netlist file: "C:\Project\gowin_fpga\uart\uart_start_bit\impl\gwsynthesis\uart_start_bit.vg"
Parsing netlist file "C:\Project\gowin_fpga\uart\uart_start_bit\impl\gwsynthesis\uart_start_bit.vg" completed
Processing netlist completed
Reading constraint file: "C:\Project\gowin_fpga\uart\uart_start_bit\src\uart_start_bit.cst"
Physical Constraint parsed completed
Running placement......
[10%] Placement Phase 0 completed
[20%] Placement Phase 1 completed
[30%] Placement Phase 2 completed
WARN  (TA1132) :  'sys_clk' was determined to be a clock but was not created.
[50%] Placement Phase 3 completed
Running routing......
[60%] Routing Phase 0 completed
[70%] Routing Phase 1 completed
[80%] Routing Phase 2 completed
[90%] Routing Phase 3 completed
Running timing analysis......
[95%] Timing analysis completed
Placement and routing completed
Bitstream generation in progress......
Bitstream generation completed
Running power analysis......
[100%] Power analysis completed
Generate file "C:\Project\gowin_fpga\uart\uart_start_bit\impl\pnr\uart_start_bit.power.html" completed
Generate file "C:\Project\gowin_fpga\uart\uart_start_bit\impl\pnr\uart_start_bit.pin.html" completed
Generate file "C:\Project\gowin_fpga\uart\uart_start_bit\impl\pnr\uart_start_bit.rpt.html" completed
Generate file "C:\Project\gowin_fpga\uart\uart_start_bit\impl\pnr\uart_start_bit.rpt.txt" completed
Generate file "C:\Project\gowin_fpga\uart\uart_start_bit\impl\pnr\uart_start_bit.tr.html" completed
Thu Mar 19 17:16:00 2026

